2012/03/02 17:38:43 : Successfully read file.
2012/03/02 17:42:02 : Successfully read file.
2012/03/02 18:09:10 : Successfully read file.
2012/03/02 18:34:27 : Successfully read file.
2012/03/02 19:20:13 : Successfully read file.
==================================================
2012/03/02 21:28:28 : Program Started!
2012/03/02 21:28:28 : Successfully read file.
==================================================
2012/03/03 13:42:29 : Program Started!
2012/03/03 13:42:30 : Successfully read file.
==================================================
2012/03/03 13:44:47 : Program Started!
2012/03/03 13:44:47 : Successfully read file.
2012/03/03 13:44:47 : Successfully uploaded file.
==================================================
2012/03/03 15:45:30 : Program Started!
2012/03/03 15:45:31 : Successfully read file.
2012/03/03 15:45:31 : Successfully uploaded file.
==================================================
2012/03/06 12:14:53 : Program Started!
2012/03/06 12:14:53 : Successfully read file.
2012/03/06 12:14:53 : Successfully uploaded file.
==================================================
2012/03/06 17:30:57 : Program Started!
2012/03/06 17:30:58 : Successfully read file.
2012/03/06 17:30:58 : Successfully uploaded file.
==================================================
2012/03/26 14:03:09 : Program Started!
2012/03/26 14:03:10 : Successfully read file.
2012/03/26 14:03:10 : Successfully uploaded file.
==================================================
2012/03/27 09:40:29 : Program Started!
2012/03/27 09:40:30 : Successfully read file.
2012/03/27 09:40:30 : Successfully uploaded file.
==================================================
2012/03/27 14:15:49 : Program Started!
2012/03/27 14:15:50 : Successfully read file.
2012/03/27 14:15:50 : Successfully uploaded file.
2012/03/27 14:46:32 : Successfully read file.
2012/03/27 14:46:32 : Unknown error: 
2012/03/27 15:17:53 : Successfully read file.
2012/03/27 15:17:53 : Successfully uploaded file.
2012/03/27 15:48:04 : Successfully read file.
2012/03/27 15:48:04 : Successfully uploaded file.
2012/03/27 16:18:15 : Successfully read file.
2012/03/27 16:18:15 : Successfully uploaded file.
2012/03/27 16:48:36 : Successfully read file.
2012/03/27 16:48:36 : Successfully uploaded file.
2012/03/27 17:18:52 : Successfully read file.
2012/03/27 17:18:52 : Successfully uploaded file.
2012/03/27 17:49:26 : Successfully read file.
2012/03/27 17:49:26 : Successfully uploaded file.
2012/03/27 18:20:04 : Successfully read file.
2012/03/27 18:20:04 : Successfully uploaded file.
2012/03/27 18:50:35 : Successfully read file.
2012/03/27 18:50:35 : Successfully uploaded file.
2012/03/27 19:20:57 : Successfully read file.
2012/03/27 19:20:57 : Unknown error: 
2012/03/27 19:51:57 : Successfully read file.
2012/03/27 19:51:57 : Unknown error: 
2012/03/27 20:22:58 : Successfully read file.
2012/03/27 20:22:58 : Successfully uploaded file.
2012/03/27 20:53:48 : Successfully read file.
2012/03/27 20:53:48 : Successfully uploaded file.
2012/03/27 21:24:50 : Successfully read file.
2012/03/27 21:24:50 : Successfully uploaded file.
2012/03/27 21:55:20 : Successfully read file.
2012/03/27 21:55:20 : Successfully uploaded file.
2012/03/27 22:25:33 : Successfully read file.
2012/03/27 22:25:33 : Successfully uploaded file.
2012/03/27 22:55:45 : Successfully read file.
2012/03/27 22:55:45 : Successfully uploaded file.
2012/03/27 23:25:58 : Successfully read file.
2012/03/27 23:25:58 : Successfully uploaded file.
2012/03/27 23:56:18 : Successfully read file.
2012/03/27 23:56:18 : Successfully uploaded file.
2012/03/28 00:26:44 : Successfully read file.
2012/03/28 00:26:44 : Successfully uploaded file.
2012/03/28 00:57:00 : Successfully read file.
2012/03/28 00:57:00 : Successfully uploaded file.
2012/03/28 01:27:16 : Successfully read file.
2012/03/28 01:27:16 : Successfully uploaded file.
2012/03/28 01:57:40 : Successfully read file.
2012/03/28 01:57:40 : Successfully uploaded file.
2012/03/28 02:28:02 : Successfully read file.
2012/03/28 02:28:02 : Successfully uploaded file.
2012/03/28 02:58:21 : Successfully read file.
2012/03/28 02:58:21 : Successfully uploaded file.
2012/03/28 03:28:41 : Successfully read file.
2012/03/28 03:28:41 : Successfully uploaded file.
2012/03/28 03:58:57 : Successfully read file.
2012/03/28 03:58:57 : Successfully uploaded file.
2012/03/28 04:29:13 : Successfully read file.
2012/03/28 04:29:13 : Successfully uploaded file.
2012/03/28 04:59:32 : Successfully read file.
2012/03/28 04:59:32 : Successfully uploaded file.
2012/03/28 05:29:50 : Successfully read file.
2012/03/28 05:29:50 : Successfully uploaded file.
2012/03/28 06:00:07 : Successfully read file.
2012/03/28 06:00:07 : Successfully uploaded file.
2012/03/28 06:30:27 : Successfully read file.
2012/03/28 06:30:27 : Successfully uploaded file.
2012/03/28 07:00:47 : Successfully read file.
2012/03/28 07:00:47 : Successfully uploaded file.
2012/03/28 07:31:05 : Successfully read file.
2012/03/28 07:31:05 : Successfully uploaded file.
2012/03/28 08:01:24 : Successfully read file.
2012/03/28 08:01:24 : Successfully uploaded file.
2012/03/28 08:31:45 : Successfully read file.
2012/03/28 08:31:45 : Successfully uploaded file.
2012/03/28 09:02:05 : Successfully read file.
2012/03/28 09:02:05 : Successfully uploaded file.
2012/03/28 09:32:21 : Successfully read file.
2012/03/28 09:32:21 : Successfully uploaded file.
2012/03/28 10:02:39 : Successfully read file.
2012/03/28 10:02:39 : Successfully uploaded file.
2012/03/28 10:33:01 : Successfully read file.
2012/03/28 10:33:01 : Successfully uploaded file.
2012/03/28 11:03:22 : Successfully read file.
2012/03/28 11:03:22 : Successfully uploaded file.
2012/03/28 11:33:40 : Successfully read file.
2012/03/28 11:33:40 : Successfully uploaded file.
2012/03/28 12:03:58 : Successfully read file.
2012/03/28 12:03:58 : Successfully uploaded file.
2012/03/28 12:34:18 : Successfully read file.
2012/03/28 12:34:18 : Successfully uploaded file.
2012/03/28 13:04:41 : Successfully read file.
2012/03/28 13:04:41 : Successfully uploaded file.
2012/03/28 13:35:02 : Successfully read file.
2012/03/28 13:35:02 : Successfully uploaded file.
2012/03/28 14:05:22 : Successfully read file.
2012/03/28 14:05:22 : Successfully uploaded file.
2012/03/28 14:35:41 : Successfully read file.
2012/03/28 14:35:41 : Successfully uploaded file.
2012/03/28 15:06:02 : Successfully read file.
2012/03/28 15:06:02 : Successfully uploaded file.
2012/03/28 15:36:21 : Successfully read file.
2012/03/28 15:36:21 : Successfully uploaded file.
2012/03/28 16:06:41 : Successfully read file.
2012/03/28 16:06:41 : Successfully uploaded file.
2012/03/28 16:37:01 : Successfully read file.
2012/03/28 16:37:01 : Successfully uploaded file.
2012/03/28 17:07:20 : Successfully read file.
2012/03/28 17:07:20 : Successfully uploaded file.
2012/03/28 17:37:45 : Successfully read file.
2012/03/28 17:37:45 : Unknown error: 
2012/03/28 18:08:06 : Successfully read file.
2012/03/28 18:08:06 : Successfully uploaded file.
2012/03/28 18:38:25 : Successfully read file.
2012/03/28 18:38:25 : Successfully uploaded file.
2012/03/28 19:08:32 : Successfully read file.
2012/03/28 19:08:32 : Successfully uploaded file.
2012/03/28 19:38:40 : Successfully read file.
2012/03/28 19:38:40 : Successfully uploaded file.
2012/03/28 20:08:50 : Successfully read file.
2012/03/28 20:08:50 : Successfully uploaded file.
2012/03/28 20:39:19 : Successfully read file.
2012/03/28 20:39:19 : Successfully uploaded file.
2012/03/28 21:09:33 : Successfully read file.
2012/03/28 21:09:33 : Successfully uploaded file.
2012/03/28 21:39:41 : Successfully read file.
2012/03/28 21:39:41 : Successfully uploaded file.
2012/03/28 22:09:51 : Successfully read file.
2012/03/28 22:09:51 : Successfully uploaded file.
2012/03/28 22:40:04 : Successfully read file.
2012/03/28 22:40:04 : Successfully uploaded file.
2012/03/28 23:10:14 : Successfully read file.
2012/03/28 23:10:14 : Successfully uploaded file.
2012/03/28 23:40:24 : Successfully read file.
2012/03/28 23:40:24 : Successfully uploaded file.
